TN:
SF:distributable/index.cjs
FN:16,get
FN:16,_interopRequireDefault
FNF:2
FNH:2
FNDA:20,get
FNDA:3,_interopRequireDefault
DA:1,1
DA:2,1
DA:3,1
DA:4,1
DA:5,1
DA:6,1
DA:7,1
DA:8,1
DA:9,1
DA:10,1
DA:11,1
DA:12,1
DA:13,1
DA:14,1
DA:15,1
DA:16,1
LF:16
LH:16
BRDA:16,0,0,3
BRDA:16,1,0,20
BRDA:16,2,0,3
BRDA:16,3,0,0
BRF:4
BRH:3
end_of_record
TN:
SF:source/library/index.cjs
FNF:0
FNH:0
DA:1,1
DA:2,1
DA:3,1
DA:4,1
DA:5,1
LF:5
LH:5
BRDA:5,0,0,3
BRF:1
BRH:1
end_of_record
TN:
SF:source/library/visitor.cjs
FN:95,_getRequireWildcardCache
FN:95,_interopRequireWildcard
FN:95,_interopRequireDefault
FN:10,Visitor
FN:18,get nodeType
FN:22,onProgramNode
FN:30,onIdentifierNode
FNF:7
FNH:6
FNDA:0,_getRequireWildcardCache
FNDA:3,_interopRequireWildcard
FNDA:3,_interopRequireDefault
FNDA:10,Visitor
FNDA:10,get nodeType
FNDA:10,onProgramNode
FNDA:92,onIdentifierNode
DA:1,1
DA:2,1
DA:3,1
DA:4,1
DA:5,1
DA:6,1
DA:7,1
DA:8,1
DA:9,1
DA:10,1
DA:11,10
DA:12,10
DA:13,10
DA:14,10
DA:15,10
DA:16,10
DA:17,1
DA:18,1
DA:19,10
DA:20,10
DA:21,1
DA:22,1
DA:23,10
DA:24,10
DA:25,10
DA:26,10
DA:27,10
DA:28,10
DA:29,1
DA:30,1
DA:31,92
DA:32,92
DA:33,92
DA:34,92
DA:35,92
DA:36,92
DA:37,108
DA:38,108
DA:39,108
DA:40,108
DA:41,108
DA:42,11
DA:43,11
DA:44,11
DA:45,11
DA:46,11
DA:47,11
DA:48,11
DA:49,11
DA:50,11
DA:51,11
DA:52,11
DA:53,12
DA:54,12
DA:55,12
DA:56,7
DA:57,7
DA:58,12
DA:59,2
DA:60,2
DA:61,12
DA:62,1
DA:63,1
DA:64,12
DA:65,1
DA:66,1
DA:67,12
DA:68,12
DA:69,12
DA:70,12
DA:71,12
DA:72,11
DA:73,11
DA:74,11
DA:75,11
DA:76,11
DA:77,11
DA:78,11
DA:79,11
DA:80,11
DA:81,11
DA:82,11
DA:83,11
DA:84,10
DA:85,10
DA:86,10
DA:87,10
DA:88,108
DA:89,108
DA:90,92
DA:91,92
DA:92,1
DA:93,1
DA:94,1
DA:95,1
LF:95
LH:95
BRDA:95,0,0,3
BRDA:95,1,0,3
BRDA:95,2,0,0
BRDA:95,3,0,0
BRDA:95,4,0,0
BRDA:95,5,0,0
BRDA:95,6,0,3
BRDA:95,7,0,0
BRDA:10,8,0,10
BRDA:18,9,0,10
BRDA:22,10,0,10
BRDA:30,11,0,92
BRDA:36,12,0,108
BRDA:38,13,0,97
BRDA:38,14,0,11
BRDA:38,15,0,0
BRDA:39,16,0,0
BRDA:41,17,0,11
BRDA:51,18,0,0
BRDA:74,19,0,2
BRDA:74,20,0,8
BRDA:77,21,0,2
BRDA:77,22,0,8
BRDA:79,23,0,0
BRDA:79,24,0,10
BRDA:83,25,0,10
BRDA:52,26,0,12
BRDA:55,27,0,7
BRDA:58,28,0,2
BRDA:61,29,0,1
BRDA:64,30,0,1
BRDA:67,31,0,1
BRDA:74,32,0,10
BRF:33
BRH:24
end_of_record
TN:
SF:source/library/error/invalid-import-type-replace-identifier-error.cjs
FN:5,InvalidImportTypeReplaceIdentifierError
FNF:1
FNH:1
FNDA:1,InvalidImportTypeReplaceIdentifierError
DA:1,1
DA:2,1
DA:3,1
DA:4,1
DA:5,1
DA:6,1
DA:7,1
DA:8,1
DA:9,1
DA:10,1
DA:11,1
LF:11
LH:11
BRDA:11,0,0,3
BRDA:5,1,0,1
BRF:2
BRH:2
end_of_record
TN:
SF:source/library/error/replace-identifier-error.cjs
FN:5,ReplaceIdentifierError
FNF:1
FNH:1
FNDA:1,ReplaceIdentifierError
DA:1,1
DA:2,1
DA:3,1
DA:4,1
DA:5,1
DA:6,1
DA:7,1
DA:8,1
DA:9,1
DA:10,1
DA:11,1
LF:11
LH:11
BRDA:11,0,0,3
BRDA:5,1,0,1
BRF:2
BRH:2
end_of_record
