TN:
SF:distributable/index.cjs
FN:16,get
FN:16,_interopRequireDefault
FNF:2
FNH:2
FNDA:20,get
FNDA:3,_interopRequireDefault
DA:1,1
DA:2,1
DA:3,1
DA:4,1
DA:5,1
DA:6,1
DA:7,1
DA:8,1
DA:9,1
DA:10,1
DA:11,1
DA:12,1
DA:13,1
DA:14,1
DA:15,1
DA:16,1
LF:16
LH:16
BRDA:16,0,0,3
BRDA:16,1,0,20
BRDA:16,2,0,3
BRDA:16,3,0,0
BRF:4
BRH:3
end_of_record
TN:
SF:source/library/index.cjs
FNF:0
FNH:0
DA:1,1
DA:2,1
DA:3,1
DA:4,1
DA:5,1
LF:5
LH:5
BRDA:5,0,0,3
BRF:1
BRH:1
end_of_record
TN:
SF:source/library/visitor.cjs
FN:97,_getRequireWildcardCache
FN:97,_interopRequireWildcard
FN:97,_interopRequireDefault
FN:12,Visitor
FN:20,get nodeType
FN:24,onProgramNode
FN:32,onIdentifierNode
FNF:7
FNH:6
FNDA:0,_getRequireWildcardCache
FNDA:3,_interopRequireWildcard
FNDA:3,_interopRequireDefault
FNDA:10,Visitor
FNDA:10,get nodeType
FNDA:10,onProgramNode
FNDA:92,onIdentifierNode
DA:1,1
DA:2,1
DA:3,1
DA:4,1
DA:5,1
DA:6,1
DA:7,1
DA:8,1
DA:9,1
DA:10,1
DA:11,1
DA:12,1
DA:13,10
DA:14,10
DA:15,10
DA:16,10
DA:17,10
DA:18,10
DA:19,1
DA:20,1
DA:21,10
DA:22,10
DA:23,1
DA:24,1
DA:25,10
DA:26,10
DA:27,10
DA:28,10
DA:29,10
DA:30,10
DA:31,1
DA:32,1
DA:33,92
DA:34,92
DA:35,92
DA:36,92
DA:37,92
DA:38,92
DA:39,108
DA:40,108
DA:41,108
DA:42,108
DA:43,108
DA:44,11
DA:45,11
DA:46,11
DA:47,11
DA:48,11
DA:49,11
DA:50,11
DA:51,11
DA:52,11
DA:53,11
DA:54,11
DA:55,12
DA:56,12
DA:57,12
DA:58,7
DA:59,7
DA:60,12
DA:61,2
DA:62,2
DA:63,12
DA:64,1
DA:65,1
DA:66,12
DA:67,1
DA:68,1
DA:69,12
DA:70,12
DA:71,12
DA:72,12
DA:73,12
DA:74,11
DA:75,11
DA:76,11
DA:77,11
DA:78,11
DA:79,11
DA:80,11
DA:81,11
DA:82,11
DA:83,11
DA:84,11
DA:85,11
DA:86,10
DA:87,10
DA:88,10
DA:89,10
DA:90,108
DA:91,108
DA:92,92
DA:93,92
DA:94,1
DA:95,1
DA:96,1
DA:97,1
LF:97
LH:97
BRDA:97,0,0,3
BRDA:97,1,0,3
BRDA:97,2,0,0
BRDA:97,3,0,0
BRDA:97,4,0,0
BRDA:97,5,0,0
BRDA:97,6,0,3
BRDA:97,7,0,0
BRDA:12,8,0,10
BRDA:20,9,0,10
BRDA:24,10,0,10
BRDA:32,11,0,92
BRDA:38,12,0,108
BRDA:40,13,0,97
BRDA:40,14,0,11
BRDA:40,15,0,0
BRDA:41,16,0,0
BRDA:43,17,0,11
BRDA:53,18,0,0
BRDA:76,19,0,2
BRDA:76,20,0,8
BRDA:79,21,0,2
BRDA:79,22,0,8
BRDA:81,23,0,0
BRDA:81,24,0,10
BRDA:85,25,0,10
BRDA:54,26,0,12
BRDA:57,27,0,7
BRDA:60,28,0,2
BRDA:63,29,0,1
BRDA:66,30,0,1
BRDA:69,31,0,1
BRDA:76,32,0,10
BRF:33
BRH:24
end_of_record
TN:
SF:source/library/error/invalid-import-type-replace-identifier-error.cjs
FN:5,InvalidImportTypeReplaceIdentifierError
FNF:1
FNH:1
FNDA:1,InvalidImportTypeReplaceIdentifierError
DA:1,1
DA:2,1
DA:3,1
DA:4,1
DA:5,1
DA:6,1
DA:7,1
DA:8,1
DA:9,1
DA:10,1
DA:11,1
LF:11
LH:11
BRDA:11,0,0,3
BRDA:5,1,0,1
BRF:2
BRH:2
end_of_record
TN:
SF:source/library/error/replace-identifier-error.cjs
FN:5,ReplaceIdentifierError
FNF:1
FNH:1
FNDA:1,ReplaceIdentifierError
DA:1,1
DA:2,1
DA:3,1
DA:4,1
DA:5,1
DA:6,1
DA:7,1
DA:8,1
DA:9,1
DA:10,1
DA:11,1
LF:11
LH:11
BRDA:11,0,0,3
BRDA:5,1,0,1
BRF:2
BRH:2
end_of_record
